2025-05-10T23:44:05.370Z	Initializing build environment...
2025-05-10T23:44:12.712Z	Success: Finished initializing build environment
2025-05-10T23:44:13.416Z	Cloning repository...
2025-05-10T23:44:14.418Z	Detected the following tools from environment: 
2025-05-10T23:44:14.421Z	Installing project dependencies: pip install -r requirements.txt
2025-05-10T23:44:15.639Z	Collecting requests>=2.25.1 (from -r requirements.txt (line 1))
2025-05-10T23:44:15.642Z	  Using cached requests-2.32.3-py3-none-any.whl.metadata (4.6 kB)
2025-05-10T23:44:15.690Z	Collecting python-dotenv>=0.15.0 (from -r requirements.txt (line 2))
2025-05-10T23:44:15.799Z	  Downloading python_dotenv-1.1.0-py3-none-any.whl.metadata (24 kB)
2025-05-10T23:44:15.963Z	Collecting charset-normalizer<4,>=2 (from requests>=2.25.1->-r requirements.txt (line 1))
2025-05-10T23:44:15.966Z	  Using cached charset_normalizer-3.4.2-cp312-cp312-manylinux_2_17_x86_64.manylinux2014_x86_64.whl.metadata (35 kB)
2025-05-10T23:44:16.010Z	Collecting idna<4,>=2.5 (from requests>=2.25.1->-r requirements.txt (line 1))
2025-05-10T23:44:16.013Z	  Using cached idna-3.10-py3-none-any.whl.metadata (10 kB)
2025-05-10T23:44:16.074Z	Collecting urllib3<3,>=1.21.1 (from requests>=2.25.1->-r requirements.txt (line 1))
2025-05-10T23:44:16.077Z	  Using cached urllib3-2.4.0-py3-none-any.whl.metadata (6.5 kB)
2025-05-10T23:44:16.131Z	Collecting certifi>=2017.4.17 (from requests>=2.25.1->-r requirements.txt (line 1))
2025-05-10T23:44:16.134Z	  Using cached certifi-2025.4.26-py3-none-any.whl.metadata (2.5 kB)
2025-05-10T23:44:16.142Z	Using cached requests-2.32.3-py3-none-any.whl (64 kB)
2025-05-10T23:44:16.146Z	Using cached charset_normalizer-3.4.2-cp312-cp312-manylinux_2_17_x86_64.manylinux2014_x86_64.whl (148 kB)
2025-05-10T23:44:16.152Z	Using cached idna-3.10-py3-none-any.whl (70 kB)
2025-05-10T23:44:16.157Z	Using cached urllib3-2.4.0-py3-none-any.whl (128 kB)
2025-05-10T23:44:16.178Z	Downloading python_dotenv-1.1.0-py3-none-any.whl (20 kB)
2025-05-10T23:44:16.186Z	Using cached certifi-2025.4.26-py3-none-any.whl (159 kB)
2025-05-10T23:44:16.246Z	Installing collected packages: urllib3, python-dotenv, idna, charset-normalizer, certifi, requests
2025-05-10T23:44:16.653Z	
2025-05-10T23:44:16.653Z	Successfully installed certifi-2025.4.26 charset-normalizer-3.4.2 idna-3.10 python-dotenv-1.1.0 requests-2.32.3 urllib3-2.4.0
2025-05-10T23:44:16.742Z	Reshimming asdf python...
2025-05-10T23:44:17.458Z	Executing user build command: pip install -r requirements.txt && python setup_backend.py
2025-05-10T23:44:18.050Z	Requirement already satisfied: requests>=2.25.1 in /opt/buildhome/.asdf/installs/python/3.12.5/lib/python3.12/site-packages (from -r requirements.txt (line 1)) (2.32.3)
2025-05-10T23:44:18.051Z	Requirement already satisfied: python-dotenv>=0.15.0 in /opt/buildhome/.asdf/installs/python/3.12.5/lib/python3.12/site-packages (from -r requirements.txt (line 2)) (1.1.0)
2025-05-10T23:44:18.052Z	Requirement already satisfied: charset-normalizer<4,>=2 in /opt/buildhome/.asdf/installs/python/3.12.5/lib/python3.12/site-packages (from requests>=2.25.1->-r requirements.txt (line 1)) (3.4.2)
2025-05-10T23:44:18.053Z	Requirement already satisfied: idna<4,>=2.5 in /opt/buildhome/.asdf/installs/python/3.12.5/lib/python3.12/site-packages (from requests>=2.25.1->-r requirements.txt (line 1)) (3.10)
2025-05-10T23:44:18.054Z	Requirement already satisfied: urllib3<3,>=1.21.1 in /opt/buildhome/.asdf/installs/python/3.12.5/lib/python3.12/site-packages (from requests>=2.25.1->-r requirements.txt (line 1)) (2.4.0)
2025-05-10T23:44:18.055Z	Requirement already satisfied: certifi>=2017.4.17 in /opt/buildhome/.asdf/installs/python/3.12.5/lib/python3.12/site-packages (from requests>=2.25.1->-r requirements.txt (line 1)) (2025.4.26)
2025-05-10T23:44:18.151Z	Reshimming asdf python...
2025-05-10T23:44:19.921Z	创建KV命名空间...
2025-05-10T23:44:19.922Z	创建KV命名空间失败: {
2025-05-10T23:44:19.922Z	  "result": null,
2025-05-10T23:44:19.922Z	  "success": false,
2025-05-10T23:44:19.922Z	  "errors": [
2025-05-10T23:44:19.922Z	    {
2025-05-10T23:44:19.923Z	      "code": 10014,
2025-05-10T23:44:19.923Z	      "message": "create namespace: 'a namespace with this account ID and title already exists'"
2025-05-10T23:44:19.923Z	    }
2025-05-10T23:44:19.923Z	  ],
2025-05-10T23:44:19.924Z	  "messages": []
2025-05-10T23:44:19.924Z	}
2025-05-10T23:44:19.924Z	
2025-05-10T23:44:19.924Z	❌ 配置过程中出现错误，请检查日志
2025-05-10T23:44:19.949Z	Success: Build command completed
2025-05-10T23:44:19.950Z	Executing user deploy command: npx wrangler deploy
2025-05-10T23:44:21.693Z	npm warn exec The following package was not found and will be installed: wrangler@4.14.4
2025-05-10T23:44:45.765Z	
2025-05-10T23:44:45.765Z	 ⛅️ wrangler 4.14.4
2025-05-10T23:44:45.765Z	-------------------
2025-05-10T23:44:45.765Z	
2025-05-10T23:44:47.683Z	Total Upload: 8.96 KiB / gzip: 2.33 KiB
2025-05-10T23:44:50.360Z	Your Worker has access to the following bindings:
2025-05-10T23:44:50.360Z	- KV Namespaces:
2025-05-10T23:44:50.360Z	  - KV: a376ca9f754f4bbfb3ccc5fc5868a1e8
2025-05-10T23:44:50.360Z	  - ASSETS: a376ca9f754f4bbfb3ccc5fc5868a1e8
2025-05-10T23:44:50.361Z	- Vars:
2025-05-10T23:44:50.361Z	  - SITE_NAME: "翰文学校育才分校"
2025-05-10T23:44:50.361Z	  - SITE_DOMAIN: "school.moujie.dpdns.org"
2025-05-10T23:44:50.364Z	  - route: "school.moujie.dpdns.org/*"
2025-05-10T23:44:50.365Z	Uploaded hanwen-school-worker (3.23 sec)
2025-05-10T23:44:51.618Z	Deployed hanwen-school-worker triggers (0.65 sec)
2025-05-10T23:44:51.618Z	  https://hanwen-school-worker.dxj20120122.workers.dev
2025-05-10T23:44:51.618Z	Current Version ID: f75fc559-7fb2-45bb-8246-c88972cc25ec
2025-05-10T23:44:51.620Z	
2025-05-10T23:44:51.620Z	Cloudflare collects anonymous telemetry about your usage of Wrangler. Learn more at https://github.com/cloudflare/workers-sdk/tree/main/packages/wrangler/telemetry.md
2025-05-10T23:44:51.712Z	Success: Deploy command completed
2025-05-10T23:44:52.064Z	✨ Success! Build completed.
2025-05-10T23:44:05.370Z	Initializing build environment...
2025-05-10T23:44:12.712Z	Success: Finished initializing build environment
2025-05-10T23:44:13.416Z	Cloning repository...
2025-05-10T23:44:14.418Z	Detected the following tools from environment: 
2025-05-10T23:44:14.421Z	Installing project dependencies: pip install -r requirements.txt
2025-05-10T23:44:15.639Z	Collecting requests>=2.25.1 (from -r requirements.txt (line 1))
2025-05-10T23:44:15.642Z	  Using cached requests-2.32.3-py3-none-any.whl.metadata (4.6 kB)
2025-05-10T23:44:15.690Z	Collecting python-dotenv>=0.15.0 (from -r requirements.txt (line 2))
2025-05-10T23:44:15.799Z	  Downloading python_dotenv-1.1.0-py3-none-any.whl.metadata (24 kB)
2025-05-10T23:44:15.963Z	Collecting charset-normalizer<4,>=2 (from requests>=2.25.1->-r requirements.txt (line 1))
2025-05-10T23:44:15.966Z	  Using cached charset_normalizer-3.4.2-cp312-cp312-manylinux_2_17_x86_64.manylinux2014_x86_64.whl.metadata (35 kB)
2025-05-10T23:44:16.010Z	Collecting idna<4,>=2.5 (from requests>=2.25.1->-r requirements.txt (line 1))
2025-05-10T23:44:16.013Z	  Using cached idna-3.10-py3-none-any.whl.metadata (10 kB)
2025-05-10T23:44:16.074Z	Collecting urllib3<3,>=1.21.1 (from requests>=2.25.1->-r requirements.txt (line 1))
2025-05-10T23:44:16.077Z	  Using cached urllib3-2.4.0-py3-none-any.whl.metadata (6.5 kB)
2025-05-10T23:44:16.131Z	Collecting certifi>=2017.4.17 (from requests>=2.25.1->-r requirements.txt (line 1))
2025-05-10T23:44:16.134Z	  Using cached certifi-2025.4.26-py3-none-any.whl.metadata (2.5 kB)
2025-05-10T23:44:16.142Z	Using cached requests-2.32.3-py3-none-any.whl (64 kB)
2025-05-10T23:44:16.146Z	Using cached charset_normalizer-3.4.2-cp312-cp312-manylinux_2_17_x86_64.manylinux2014_x86_64.whl (148 kB)
2025-05-10T23:44:16.152Z	Using cached idna-3.10-py3-none-any.whl (70 kB)
2025-05-10T23:44:16.157Z	Using cached urllib3-2.4.0-py3-none-any.whl (128 kB)
2025-05-10T23:44:16.178Z	Downloading python_dotenv-1.1.0-py3-none-any.whl (20 kB)
2025-05-10T23:44:16.186Z	Using cached certifi-2025.4.26-py3-none-any.whl (159 kB)
2025-05-10T23:44:16.246Z	Installing collected packages: urllib3, python-dotenv, idna, charset-normalizer, certifi, requests
2025-05-10T23:44:16.653Z	
2025-05-10T23:44:16.653Z	Successfully installed certifi-2025.4.26 charset-normalizer-3.4.2 idna-3.10 python-dotenv-1.1.0 requests-2.32.3 urllib3-2.4.0
2025-05-10T23:44:16.742Z	Reshimming asdf python...
2025-05-10T23:44:17.458Z	Executing user build command: pip install -r requirements.txt && python setup_backend.py
2025-05-10T23:44:18.050Z	Requirement already satisfied: requests>=2.25.1 in /opt/buildhome/.asdf/installs/python/3.12.5/lib/python3.12/site-packages (from -r requirements.txt (line 1)) (2.32.3)
2025-05-10T23:44:18.051Z	Requirement already satisfied: python-dotenv>=0.15.0 in /opt/buildhome/.asdf/installs/python/3.12.5/lib/python3.12/site-packages (from -r requirements.txt (line 2)) (1.1.0)
2025-05-10T23:44:18.052Z	Requirement already satisfied: charset-normalizer<4,>=2 in /opt/buildhome/.asdf/installs/python/3.12.5/lib/python3.12/site-packages (from requests>=2.25.1->-r requirements.txt (line 1)) (3.4.2)
2025-05-10T23:44:18.053Z	Requirement already satisfied: idna<4,>=2.5 in /opt/buildhome/.asdf/installs/python/3.12.5/lib/python3.12/site-packages (from requests>=2.25.1->-r requirements.txt (line 1)) (3.10)
2025-05-10T23:44:18.054Z	Requirement already satisfied: urllib3<3,>=1.21.1 in /opt/buildhome/.asdf/installs/python/3.12.5/lib/python3.12/site-packages (from requests>=2.25.1->-r requirements.txt (line 1)) (2.4.0)
2025-05-10T23:44:18.055Z	Requirement already satisfied: certifi>=2017.4.17 in /opt/buildhome/.asdf/installs/python/3.12.5/lib/python3.12/site-packages (from requests>=2.25.1->-r requirements.txt (line 1)) (2025.4.26)
2025-05-10T23:44:18.151Z	Reshimming asdf python...
2025-05-10T23:44:19.921Z	创建KV命名空间...
2025-05-10T23:44:19.922Z	创建KV命名空间失败: {
2025-05-10T23:44:19.922Z	  "result": null,
2025-05-10T23:44:19.922Z	  "success": false,
2025-05-10T23:44:19.922Z	  "errors": [
2025-05-10T23:44:19.922Z	    {
2025-05-10T23:44:19.923Z	      "code": 10014,
2025-05-10T23:44:19.923Z	      "message": "create namespace: 'a namespace with this account ID and title already exists'"
2025-05-10T23:44:19.923Z	    }
2025-05-10T23:44:19.923Z	  ],
2025-05-10T23:44:19.924Z	  "messages": []
2025-05-10T23:44:19.924Z	}
2025-05-10T23:44:19.924Z	
2025-05-10T23:44:19.924Z	❌ 配置过程中出现错误，请检查日志
2025-05-10T23:44:19.949Z	Success: Build command completed
2025-05-10T23:44:19.950Z	Executing user deploy command: npx wrangler deploy
2025-05-10T23:44:21.693Z	npm warn exec The following package was not found and will be installed: wrangler@4.14.4
2025-05-10T23:44:45.765Z	
2025-05-10T23:44:45.765Z	 ⛅️ wrangler 4.14.4
2025-05-10T23:44:45.765Z	-------------------
2025-05-10T23:44:45.765Z	
2025-05-10T23:44:47.683Z	Total Upload: 8.96 KiB / gzip: 2.33 KiB
2025-05-10T23:44:50.360Z	Your Worker has access to the following bindings:
2025-05-10T23:44:50.360Z	- KV Namespaces:
2025-05-10T23:44:50.360Z	  - KV: a376ca9f754f4bbfb3ccc5fc5868a1e8
2025-05-10T23:44:50.360Z	  - ASSETS: a376ca9f754f4bbfb3ccc5fc5868a1e8
2025-05-10T23:44:50.361Z	- Vars:
2025-05-10T23:44:50.361Z	  - SITE_NAME: "翰文学校育才分校"
2025-05-10T23:44:50.361Z	  - SITE_DOMAIN: "school.moujie.dpdns.org"
2025-05-10T23:44:50.364Z	  - route: "school.moujie.dpdns.org/*"
2025-05-10T23:44:50.365Z	Uploaded hanwen-school-worker (3.23 sec)
2025-05-10T23:44:51.618Z	Deployed hanwen-school-worker triggers (0.65 sec)
2025-05-10T23:44:51.618Z	  https://hanwen-school-worker.dxj20120122.workers.dev
2025-05-10T23:44:51.618Z	Current Version ID: f75fc559-7fb2-45bb-8246-c88972cc25ec
2025-05-10T23:44:51.620Z	
2025-05-10T23:44:51.620Z	Cloudflare collects anonymous telemetry about your usage of Wrangler. Learn more at https://github.com/cloudflare/workers-sdk/tree/main/packages/wrangler/telemetry.md
2025-05-10T23:44:51.712Z	Success: Deploy command completed
2025-05-10T23:44:52.064Z	✨ Success! Build completed.